<?xml version="1.0" encoding="UTF-8"?>
<!-- Generated by org.testng.reporters.JUnitReportReporter -->
<testsuite hostname="SRAVANI" failures="0" tests="1" name="vtiger.OrganisationsTests.CreatenewOrganisationwithindustrydropdownTest" time="19.618" errors="0" timestamp="2023-04-17T09:00:25 IST" skipped="0">
  <testcase classname="vtiger.OrganisationsTests.CreatenewOrganisationwithindustrydropdownTest" name="createNewOrgWithIndustryTest" time="19.618"/>
  <system-out/>
</testsuite> <!-- vtiger.OrganisationsTests.CreatenewOrganisationwithindustrydropdownTest -->
