<?xml version="1.0" encoding="UTF-8"?>
<!-- Generated by org.testng.reporters.JUnitReportReporter -->
<testsuite hostname="SRAVANI" failures="0" tests="5" name="vtiger.practice.Contacts" time="91.380" errors="0" timestamp="2023-04-20T11:58:53 IST" skipped="0">
  <testcase classname="vtiger.practice.Contacts" name="createcontact" time="17.080"/>
  <system-out/>
  <testcase classname="vtiger.practice.Contacts" name="createorganisation" time="15.951"/>
  <system-out/>
  <testcase classname="vtiger.practice.Contacts" name="chemicals" time="16.397"/>
  <system-out/>
  <testcase classname="vtiger.practice.Contacts" name="energy" time="17.671"/>
  <system-out/>
  <testcase classname="vtiger.practice.Contacts" name="contactorganisation" time="24.281"/>
  <system-out/>
</testsuite> <!-- vtiger.practice.Contacts -->
