<?xml version="1.0" encoding="UTF-8"?>
<!-- Generated by org.testng.reporters.JUnitReportReporter -->
<testsuite hostname="SRAVANI" failures="0" tests="1" name="vtiger.practice.ReadDataFromCmdLine" time="0.006" errors="0" timestamp="2023-04-26T10:22:06 IST" skipped="0">
  <testcase classname="vtiger.practice.ReadDataFromCmdLine" name="Readdata" time="0.006"/>
  <system-out/>
</testsuite> <!-- vtiger.practice.ReadDataFromCmdLine -->
