<?xml version="1.0" encoding="UTF-8"?>
<!-- Generated by org.testng.reporters.JUnitReportReporter -->
<testsuite hostname="SRAVANI" failures="0" tests="1" name="vtiger.contactTests.CreatenewContactwithOrganisationNameTest" time="38.085" errors="0" timestamp="2023-04-23T20:17:02 IST" skipped="0">
  <testcase classname="vtiger.contactTests.CreatenewContactwithOrganisationNameTest" name="createContactWithOrgNameTest" time="38.085"/>
  <system-out/>
</testsuite> <!-- vtiger.contactTests.CreatenewContactwithOrganisationNameTest -->
