<?xml version="1.0" encoding="UTF-8"?>
<!-- Generated by org.testng.reporters.JUnitReportReporter -->
<testsuite hostname="SRAVANI" failures="0" tests="5" name="vtiger.practice.Dataprovide" time="0.010" errors="0" timestamp="2023-04-13T07:39:33 IST" skipped="0">
  <testcase classname="vtiger.practice.Dataprovide" name="apparel" time="0.001"/>
  <system-out/>
  <testcase classname="vtiger.practice.Dataprovide" name="apparel" time="0.000"/>
  <system-out/>
  <testcase classname="vtiger.practice.Dataprovide" name="apparel" time="0.006"/>
  <system-out/>
  <testcase classname="vtiger.practice.Dataprovide" name="apparel" time="0.002"/>
  <system-out/>
  <testcase classname="vtiger.practice.Dataprovide" name="apparel" time="0.001"/>
  <system-out/>
</testsuite> <!-- vtiger.practice.Dataprovide -->
