<?xml version="1.0" encoding="UTF-8"?>
<!-- Generated by org.testng.reporters.JUnitReportReporter -->
<testsuite hostname="SRAVANI" failures="0" tests="1" name="vtiger.OrganisationsTests.CreatenewOrganisationTest" time="24.858" errors="0" timestamp="2023-04-27T07:55:06 IST" skipped="0">
  <testcase classname="vtiger.OrganisationsTests.CreatenewOrganisationTest" name="createNewOrgTest" time="24.858"/>
  <system-out/>
</testsuite> <!-- vtiger.OrganisationsTests.CreatenewOrganisationTest -->
