<?xml version="1.0" encoding="UTF-8"?>
<!-- Generated by org.testng.reporters.JUnitReportReporter -->
<testsuite hostname="SRAVANI" failures="0" tests="1" name="vtiger.practice.Practice" time="10.547" errors="0" timestamp="2023-04-16T11:39:51 IST" skipped="0">
  <testcase classname="vtiger.practice.Practice" name="createorg" time="10.547"/>
  <system-out/>
</testsuite> <!-- vtiger.practice.Practice -->
