<?xml version="1.0" encoding="UTF-8"?>
<!-- Generated by org.testng.reporters.JUnitXMLReporter -->
<testsuite ignored="0" hostname="SRAVANI" failures="0" tests="1" name="Test-runner-1" time="32.46" errors="0" timestamp="2023-04-19T08:11:25 IST">
  <testcase classname="vtiger.contactTests.CreatenewContactTest" name="createNewContactTest" time="17.149"/>
</testsuite> <!-- Test-runner-1 -->
