<?xml version="1.0" encoding="UTF-8"?>
<!-- Generated by org.testng.reporters.JUnitXMLReporter -->
<testsuite ignored="0" hostname="SRAVANI" failures="1" tests="1" name="Test-runner-edge" time="25.542" errors="0" timestamp="2023-04-20T11:18:49 IST">
  <testcase classname="vtiger.OrganisationsTests.CreateOrganisationWithIndustryandTypeTest" name="createOrgWithIndustryandType" time="11.44">
    <failure type="java.lang.AssertionError" message="null">
      <![CDATA[java.lang.AssertionError: null
at vtiger.OrganisationsTests.CreateOrganisationWithIndustryandTypeTest.createOrgWithIndustryandType(CreateOrganisationWithIndustryandTypeTest.java:28)
at java.base/java.util.ArrayList.forEach(ArrayList.java:1511)
at java.base/java.util.concurrent.FutureTask.run(FutureTask.java:264)
at java.base/java.util.concurrent.ThreadPoolExecutor.runWorker(ThreadPoolExecutor.java:1130)
at java.base/java.util.concurrent.ThreadPoolExecutor$Worker.run(ThreadPoolExecutor.java:630)
at java.base/java.lang.Thread.run(Thread.java:831)
... Removed 20 stack frames]]>
    </failure>
  </testcase> <!-- createOrgWithIndustryandType -->
</testsuite> <!-- Test-runner-edge -->
